2013-06-24 20:05:12,714 DEBUG [neo4j.txmanager]: TM new log: tm_tx_log.1
2013-06-24 20:05:12,764 DEBUG [neo4j.xafactory]: Opened logical log [C:\Users\ben\Documents\GitHub\bodega\target\graph.db\index\lucene.log.1] version=0, lastTxId=1 (clean)
2013-06-24 20:05:12,809 DEBUG [neo4j.diagnostics]: --- STARTUP diagnostics START ---
2013-06-24 20:05:12,812 DEBUG [neo4j.diagnostics]: Neo4j Kernel properties:
2013-06-24 20:05:12,815 DEBUG [neo4j.diagnostics]: forced_kernel_id=
2013-06-24 20:05:12,815 DEBUG [neo4j.diagnostics]: read_only=false
2013-06-24 20:05:12,815 DEBUG [neo4j.diagnostics]: neo4j.ext.udc.host=udc.neo4j.org
2013-06-24 20:05:12,815 DEBUG [neo4j.diagnostics]: logical_log=nioneo_logical.log
2013-06-24 20:05:12,815 DEBUG [neo4j.diagnostics]: node_auto_indexing=false
2013-06-24 20:05:12,815 DEBUG [neo4j.diagnostics]: intercept_committing_transactions=false
2013-06-24 20:05:12,815 DEBUG [neo4j.diagnostics]: cache_type=soft
2013-06-24 20:05:12,815 DEBUG [neo4j.diagnostics]: intercept_deserialized_transactions=false
2013-06-24 20:05:12,815 DEBUG [neo4j.diagnostics]: lucene_searcher_cache_size=2147483647
2013-06-24 20:05:12,815 DEBUG [neo4j.diagnostics]: neo4j.ext.udc.interval=86400000
2013-06-24 20:05:12,816 DEBUG [neo4j.diagnostics]: use_memory_mapped_buffers=false
2013-06-24 20:05:12,816 DEBUG [neo4j.diagnostics]: rebuild_idgenerators_fast=true
2013-06-24 20:05:12,816 DEBUG [neo4j.diagnostics]: neostore.propertystore.db.index.keys.mapped_memory=1M
2013-06-24 20:05:12,816 DEBUG [neo4j.diagnostics]: neostore.propertystore.db.arrays.mapped_memory=213M
2013-06-24 20:05:12,816 DEBUG [neo4j.diagnostics]: neostore.propertystore.db.strings.mapped_memory=188M
2013-06-24 20:05:12,816 DEBUG [neo4j.diagnostics]: log_mapped_memory_stats_filename=mapped_memory_stats.log
2013-06-24 20:05:12,816 DEBUG [neo4j.diagnostics]: log_mapped_memory_stats_interval=1000000
2013-06-24 20:05:12,816 DEBUG [neo4j.diagnostics]: gcr_cache_min_log_interval=60s
2013-06-24 20:05:12,816 DEBUG [neo4j.diagnostics]: relationship_grab_size=100
2013-06-24 20:05:12,816 DEBUG [neo4j.diagnostics]: relationship_auto_indexing=false
2013-06-24 20:05:12,816 DEBUG [neo4j.diagnostics]: node_cache_array_fraction=1.0
2013-06-24 20:05:12,816 DEBUG [neo4j.diagnostics]: allow_store_upgrade=false
2013-06-24 20:05:12,816 DEBUG [neo4j.diagnostics]: execution_guard_enabled=false
2013-06-24 20:05:12,816 DEBUG [neo4j.diagnostics]: relationship_cache_array_fraction=1.0
2013-06-24 20:05:12,816 DEBUG [neo4j.diagnostics]: store_dir=target/graph.db
2013-06-24 20:05:12,816 DEBUG [neo4j.diagnostics]: remote_logging_host=127.0.0.1
2013-06-24 20:05:12,816 DEBUG [neo4j.diagnostics]: online_backup_enabled=false
2013-06-24 20:05:12,816 DEBUG [neo4j.diagnostics]: remote_logging_port=4560
2013-06-24 20:05:12,816 DEBUG [neo4j.diagnostics]: gc_monitor_threshold=200ms
2013-06-24 20:05:12,817 DEBUG [neo4j.diagnostics]: array_block_size=120
2013-06-24 20:05:12,817 DEBUG [neo4j.diagnostics]: load_kernel_extensions=true
2013-06-24 20:05:12,817 DEBUG [neo4j.diagnostics]: neostore.relationshipstore.db.mapped_memory=271M
2013-06-24 20:05:12,817 DEBUG [neo4j.diagnostics]: keep_logical_logs=true
2013-06-24 20:05:12,817 DEBUG [neo4j.diagnostics]: dump_configuration=false
2013-06-24 20:05:12,817 DEBUG [neo4j.diagnostics]: gc_monitor_wait_time=100ms
2013-06-24 20:05:12,817 DEBUG [neo4j.diagnostics]: neostore.nodestore.db.mapped_memory=61M
2013-06-24 20:05:12,817 DEBUG [neo4j.diagnostics]: neo4j.ext.udc.first_delay=600000
2013-06-24 20:05:12,817 DEBUG [neo4j.diagnostics]: remote_shell_enabled=true
2013-06-24 20:05:12,817 DEBUG [neo4j.diagnostics]: neo4j.ext.udc.reg=unreg
2013-06-24 20:05:12,817 DEBUG [neo4j.diagnostics]: log_mapped_memory_stats=false
2013-06-24 20:05:12,817 DEBUG [neo4j.diagnostics]: neo_store=neostore
2013-06-24 20:05:12,817 DEBUG [neo4j.diagnostics]: mapped_memory_page_size=1M
2013-06-24 20:05:12,817 DEBUG [neo4j.diagnostics]: query_cache_size=100
2013-06-24 20:05:12,817 DEBUG [neo4j.diagnostics]: logging.threshold_for_rotation=104857600
2013-06-24 20:05:12,817 DEBUG [neo4j.diagnostics]: neostore.propertystore.db.index.mapped_memory=1M
2013-06-24 20:05:12,817 DEBUG [neo4j.diagnostics]: backup_slave=false
2013-06-24 20:05:12,817 DEBUG [neo4j.diagnostics]: neostore.propertystore.db.mapped_memory=221M
2013-06-24 20:05:12,818 DEBUG [neo4j.diagnostics]: string_block_size=120
2013-06-24 20:05:12,818 DEBUG [neo4j.diagnostics]: grab_file_lock=true
2013-06-24 20:05:12,818 DEBUG [neo4j.diagnostics]: remote_logging_enabled=false
2013-06-24 20:05:12,818 DEBUG [neo4j.diagnostics]: neo4j.ext.udc.enabled=true
2013-06-24 20:05:12,818 DEBUG [neo4j.diagnostics]: all_stores_total_mapped_memory_size=500M
2013-06-24 20:05:12,818 DEBUG [neo4j.diagnostics]: online_backup_port=6362
2013-06-24 20:05:12,820 DEBUG [neo4j.diagnostics]: Diagnostics providers:
2013-06-24 20:05:12,820 DEBUG [neo4j.diagnostics]: org.neo4j.kernel.configuration.Config
2013-06-24 20:05:12,820 DEBUG [neo4j.diagnostics]: org.neo4j.kernel.info.DiagnosticsManager
2013-06-24 20:05:12,820 DEBUG [neo4j.diagnostics]: SYSTEM_MEMORY
2013-06-24 20:05:12,820 DEBUG [neo4j.diagnostics]: JAVA_MEMORY
2013-06-24 20:05:12,820 DEBUG [neo4j.diagnostics]: OPERATING_SYSTEM
2013-06-24 20:05:12,820 DEBUG [neo4j.diagnostics]: JAVA_VIRTUAL_MACHINE
2013-06-24 20:05:12,820 DEBUG [neo4j.diagnostics]: CLASSPATH
2013-06-24 20:05:12,820 DEBUG [neo4j.diagnostics]: LIBRARY_PATH
2013-06-24 20:05:12,820 DEBUG [neo4j.diagnostics]: SYSTEM_PROPERTIES
2013-06-24 20:05:12,821 DEBUG [neo4j.diagnostics]: NETWORK
2013-06-24 20:05:12,821 DEBUG [neo4j.diagnostics]: System memory information:
2013-06-24 20:05:12,825 DEBUG [neo4j.diagnostics]: Total Physical memory: 15,89 GB
2013-06-24 20:05:12,826 DEBUG [neo4j.diagnostics]: Free Physical memory: 12,48 GB
2013-06-24 20:05:12,826 DEBUG [neo4j.diagnostics]: Committed virtual memory: 485,41 MB
2013-06-24 20:05:12,826 DEBUG [neo4j.diagnostics]: Total swap space: 18,14 GB
2013-06-24 20:05:12,827 DEBUG [neo4j.diagnostics]: Free swap space: 12,90 GB
2013-06-24 20:05:12,828 DEBUG [neo4j.diagnostics]: JVM memory information:
2013-06-24 20:05:12,828 DEBUG [neo4j.diagnostics]: Free  memory: 180,06 MB
2013-06-24 20:05:12,828 DEBUG [neo4j.diagnostics]: Total memory: 243,69 MB
2013-06-24 20:05:12,828 DEBUG [neo4j.diagnostics]: Max   memory: 3,53 GB
2013-06-24 20:05:12,830 DEBUG [neo4j.diagnostics]: Garbage Collector: PS Scavenge: [PS Eden Space, PS Survivor Space]
2013-06-24 20:05:12,830 DEBUG [neo4j.diagnostics]: Garbage Collector: PS MarkSweep: [PS Eden Space, PS Survivor Space, PS Old Gen, PS Perm Gen]
2013-06-24 20:05:12,831 DEBUG [neo4j.diagnostics]: Memory Pool: Code Cache (Non-heap memory): committed=2,44 MB, used=859,06 kB, max=48,00 MB, threshold=0,00 B
2013-06-24 20:05:12,831 DEBUG [neo4j.diagnostics]: Memory Pool: PS Eden Space (Heap memory): committed=63,63 MB, used=63,63 MB, max=1,30 GB, threshold=?
2013-06-24 20:05:12,832 DEBUG [neo4j.diagnostics]: Memory Pool: PS Survivor Space (Heap memory): committed=10,56 MB, used=0,00 B, max=10,56 MB, threshold=?
2013-06-24 20:05:12,832 DEBUG [neo4j.diagnostics]: Memory Pool: PS Old Gen (Heap memory): committed=169,50 MB, used=0,00 B, max=2,65 GB, threshold=0,00 B
2013-06-24 20:05:12,832 DEBUG [neo4j.diagnostics]: Memory Pool: PS Perm Gen (Non-heap memory): committed=20,75 MB, used=17,30 MB, max=82,00 MB, threshold=0,00 B
2013-06-24 20:05:12,832 DEBUG [neo4j.diagnostics]: Operating system information:
2013-06-24 20:05:12,833 DEBUG [neo4j.diagnostics]: Operating System: Windows 8; version: 6.2; arch: amd64; cpus: 4
2013-06-24 20:05:12,833 DEBUG [neo4j.diagnostics]: Process id: 2612@ben-desktop
2013-06-24 20:05:12,833 DEBUG [neo4j.diagnostics]: Byte order: LITTLE_ENDIAN
2013-06-24 20:05:12,833 DEBUG [neo4j.diagnostics]: Local timezone: Europe/Berlin
2013-06-24 20:05:12,833 DEBUG [neo4j.diagnostics]: JVM information:
2013-06-24 20:05:12,833 DEBUG [neo4j.diagnostics]: VM Name: Java HotSpot(TM) 64-Bit Server VM
2013-06-24 20:05:12,833 DEBUG [neo4j.diagnostics]: VM Vendor: Oracle Corporation
2013-06-24 20:05:12,833 DEBUG [neo4j.diagnostics]: VM Version: 23.21-b01
2013-06-24 20:05:12,834 DEBUG [neo4j.diagnostics]: JIT compiler: HotSpot 64-Bit Tiered Compilers
2013-06-24 20:05:12,834 DEBUG [neo4j.diagnostics]: VM Arguments: [-Dfile.encoding=Cp1252]
2013-06-24 20:05:12,834 DEBUG [neo4j.diagnostics]: Java classpath:
2013-06-24 20:05:12,851 DEBUG [neo4j.diagnostics]:  [classpath + loader.0] file:/C:/Users/ben/.m2/repository/org/neo4j/3rdparty/javax/ws/rs/jsr311-api/1.1.2.r612/jsr311-api-1.1.2.r612.jar
2013-06-24 20:05:12,851 DEBUG [neo4j.diagnostics]:  [classpath + loader.0] file:/C:/Users/ben/.m2/repository/commons-logging/commons-logging/1.1.1/commons-logging-1.1.1.jar
2013-06-24 20:05:12,851 DEBUG [neo4j.diagnostics]:  [classpath + loader.0] file:/C:/Users/ben/.m2/repository/org/neo4j/neo4j-cypher/1.8.1/neo4j-cypher-1.8.1.jar
2013-06-24 20:05:12,851 DEBUG [neo4j.diagnostics]:  [loader.1] file:/C:/Program%20Files/Java/jdk1.7.0_21/jre/lib/ext/sunjce_provider.jar
2013-06-24 20:05:12,851 DEBUG [neo4j.diagnostics]:  [loader.1] file:/C:/Program%20Files/Java/jdk1.7.0_21/jre/lib/ext/sunmscapi.jar
2013-06-24 20:05:12,851 DEBUG [neo4j.diagnostics]:  [classpath + loader.0] file:/C:/Users/ben/.m2/repository/commons-digester/commons-digester/1.8.1/commons-digester-1.8.1.jar
2013-06-24 20:05:12,851 DEBUG [neo4j.diagnostics]:  [classpath + loader.0] file:/C:/Users/ben/.m2/repository/org/codehaus/jackson/jackson-jaxrs/1.9.7/jackson-jaxrs-1.9.7.jar
2013-06-24 20:05:12,851 DEBUG [neo4j.diagnostics]:  [classpath + loader.0] file:/C:/Users/ben/.m2/repository/commons-collections/commons-collections/3.2.1/commons-collections-3.2.1.jar
2013-06-24 20:05:12,851 DEBUG [neo4j.diagnostics]:  [classpath + loader.0] file:/C:/Users/ben/.m2/repository/org/springframework/spring-context-support/3.1.4.RELEASE/spring-context-support-3.1.4.RELEASE.jar
2013-06-24 20:05:12,851 DEBUG [neo4j.diagnostics]:  [classpath + loader.0] file:/C:/Users/ben/.m2/repository/org/mortbay/jetty/jetty-util/6.1.25/jetty-util-6.1.25.jar
2013-06-24 20:05:12,851 DEBUG [neo4j.diagnostics]:  [classpath + loader.0] file:/C:/Users/ben/.m2/repository/org/scala-lang/scala-library/2.9.1-1/scala-library-2.9.1-1.jar
2013-06-24 20:05:12,851 DEBUG [neo4j.diagnostics]:  [classpath + loader.0] file:/C:/Users/ben/.m2/repository/org/springframework/spring-tx/3.2.2.RELEASE/spring-tx-3.2.2.RELEASE.jar
2013-06-24 20:05:12,851 DEBUG [neo4j.diagnostics]:  [classpath + loader.0] file:/C:/Users/ben/.m2/repository/ch/qos/logback/logback-access/0.9.30/logback-access-0.9.30.jar
2013-06-24 20:05:12,851 DEBUG [neo4j.diagnostics]:  [classpath + loader.0] file:/C:/Users/ben/.m2/repository/junit/junit/4.8.1/junit-4.8.1.jar
2013-06-24 20:05:12,851 DEBUG [neo4j.diagnostics]:  [classpath + loader.0] file:/C:/Users/ben/.m2/repository/org/slf4j/jcl-over-slf4j/1.7.1/jcl-over-slf4j-1.7.1.jar
2013-06-24 20:05:12,851 DEBUG [neo4j.diagnostics]:  [classpath + loader.0] file:/C:/Users/ben/.m2/repository/org/apache/lucene/lucene-core/3.5.0/lucene-core-3.5.0.jar
2013-06-24 20:05:12,851 DEBUG [neo4j.diagnostics]:  [classpath + loader.0] file:/C:/Users/ben/.eclipse/org.springsource.sts_3.2.0.RELEASE_1453545465/configuration/org.eclipse.osgi/bundles/400/1/.cp/
2013-06-24 20:05:12,851 DEBUG [neo4j.diagnostics]:  [classpath + loader.0] file:/C:/Users/ben/.m2/repository/commons-configuration/commons-configuration/1.6/commons-configuration-1.6.jar
2013-06-24 20:05:12,851 DEBUG [neo4j.diagnostics]:  [bootstrap] C:\Program Files\Java\jdk1.7.0_21\jre\lib\sunrsasign.jar
2013-06-24 20:05:12,851 DEBUG [neo4j.diagnostics]:  [classpath + loader.0] file:/C:/Users/ben/.m2/repository/org/mortbay/jetty/jetty/6.1.25/jetty-6.1.25.jar
2013-06-24 20:05:12,851 DEBUG [neo4j.diagnostics]:  [loader.1] file:/C:/Program%20Files/Java/jdk1.7.0_21/jre/lib/ext/sunec.jar
2013-06-24 20:05:12,851 DEBUG [neo4j.diagnostics]:  [classpath + loader.0] file:/C:/Users/ben/.m2/repository/org/neo4j/neo4j-lucene-index/1.8.1/neo4j-lucene-index-1.8.1.jar
2013-06-24 20:05:12,851 DEBUG [neo4j.diagnostics]:  [bootstrap] C:\Program Files\Java\jdk1.7.0_21\jre\lib\rt.jar
2013-06-24 20:05:12,851 DEBUG [neo4j.diagnostics]:  [classpath + loader.0] file:/C:/Users/ben/.eclipse/org.springsource.sts_3.2.0.RELEASE_1453545465/configuration/org.eclipse.osgi/bundles/399/1/.cp/
2013-06-24 20:05:12,851 DEBUG [neo4j.diagnostics]:  [classpath + loader.0] file:/C:/Users/ben/.m2/repository/org/springframework/spring-aspects/3.1.4.RELEASE/spring-aspects-3.1.4.RELEASE.jar
2013-06-24 20:05:12,851 DEBUG [neo4j.diagnostics]:  [classpath + loader.0] file:/C:/Users/ben/.m2/repository/org/springframework/spring-beans/3.2.2.RELEASE/spring-beans-3.2.2.RELEASE.jar
2013-06-24 20:05:12,851 DEBUG [neo4j.diagnostics]:  [classpath + loader.0] file:/C:/Users/ben/.m2/repository/org/codehaus/jackson/jackson-core-asl/1.9.7/jackson-core-asl-1.9.7.jar
2013-06-24 20:05:12,851 DEBUG [neo4j.diagnostics]:  [classpath + loader.0] file:/C:/Users/ben/.m2/repository/ch/qos/logback/logback-core/0.9.30/logback-core-0.9.30.jar
2013-06-24 20:05:12,851 DEBUG [neo4j.diagnostics]:  [classpath + loader.0] file:/C:/Users/ben/.m2/repository/com/sun/jersey/jersey-server/1.9/jersey-server-1.9.jar
2013-06-24 20:05:12,851 DEBUG [neo4j.diagnostics]:  [classpath + loader.0] file:/C:/Users/ben/.m2/repository/org/neo4j/app/neo4j-server/2.0.0-M02/neo4j-server-2.0.0-M02-static-web.jar
2013-06-24 20:05:12,851 DEBUG [neo4j.diagnostics]:  [classpath + loader.0] file:/C:/Users/ben/.m2/repository/org/springframework/spring-aop/3.2.2.RELEASE/spring-aop-3.2.2.RELEASE.jar
2013-06-24 20:05:12,851 DEBUG [neo4j.diagnostics]:  [classpath + loader.0] file:/C:/Users/ben/.m2/repository/org/mortbay/jetty/servlet-api/2.5-20081211/servlet-api-2.5-20081211.jar
2013-06-24 20:05:12,851 DEBUG [neo4j.diagnostics]:  [classpath + loader.0] file:/C:/Users/ben/.m2/repository/org/slf4j/slf4j-api/1.7.1/slf4j-api-1.7.1.jar
2013-06-24 20:05:12,852 DEBUG [neo4j.diagnostics]:  [loader.1] file:/C:/Program%20Files/Java/jdk1.7.0_21/jre/lib/ext/access-bridge-64.jar
2013-06-24 20:05:12,852 DEBUG [neo4j.diagnostics]:  [classpath + loader.0] file:/C:/Users/ben/.m2/repository/org/neo4j/neo4j-udc/1.8.1/neo4j-udc-1.8.1.jar
2013-06-24 20:05:12,852 DEBUG [neo4j.diagnostics]:  [classpath + loader.0] file:/C:/Users/ben/.m2/repository/org/aspectj/aspectjrt/1.7.1/aspectjrt-1.7.1.jar
2013-06-24 20:05:12,852 DEBUG [neo4j.diagnostics]:  [bootstrap] C:\Program Files\Java\jdk1.7.0_21\jre\lib\resources.jar
2013-06-24 20:05:12,852 DEBUG [neo4j.diagnostics]:  [classpath + loader.0] file:/C:/Users/ben/.m2/repository/org/jvnet/mimepull/1.6/mimepull-1.6.jar
2013-06-24 20:05:12,852 DEBUG [neo4j.diagnostics]:  [classpath + loader.0] file:/C:/Users/ben/.m2/repository/ch/qos/logback/logback-classic/0.9.30/logback-classic-0.9.30.jar
2013-06-24 20:05:12,852 DEBUG [neo4j.diagnostics]:  [classpath + loader.0] file:/C:/Users/ben/.m2/repository/asm/asm/3.1/asm-3.1.jar
2013-06-24 20:05:12,852 DEBUG [neo4j.diagnostics]:  [classpath + loader.0] file:/C:/Users/ben/.m2/repository/org/springframework/data/spring-data-commons/1.5.0.RELEASE/spring-data-commons-1.5.0.RELEASE.jar
2013-06-24 20:05:12,852 DEBUG [neo4j.diagnostics]:  [classpath + loader.0] file:/C:/Users/ben/.m2/repository/commons-beanutils/commons-beanutils/1.8.0/commons-beanutils-1.8.0.jar
2013-06-24 20:05:12,852 DEBUG [neo4j.diagnostics]:  [classpath + loader.0] file:/C:/Users/ben/.m2/repository/org/neo4j/server-api/2.0.0-M02/server-api-2.0.0-M02.jar
2013-06-24 20:05:12,852 DEBUG [neo4j.diagnostics]:  [loader.1] file:/C:/Program%20Files/Java/jdk1.7.0_21/jre/lib/ext/zipfs.jar
2013-06-24 20:05:12,852 DEBUG [neo4j.diagnostics]:  [classpath + loader.0] file:/C:/Users/ben/.m2/repository/org/springframework/spring-core/3.2.2.RELEASE/spring-core-3.2.2.RELEASE.jar
2013-06-24 20:05:12,852 DEBUG [neo4j.diagnostics]:  [classpath + loader.0] file:/C:/Users/ben/.m2/repository/commons-io/commons-io/1.4/commons-io-1.4.jar
2013-06-24 20:05:12,852 DEBUG [neo4j.diagnostics]:  [classpath + loader.0] file:/C:/Users/ben/.m2/repository/org/neo4j/neo4j-shell/2.0.0-M02/neo4j-shell-2.0.0-M02.jar
2013-06-24 20:05:12,852 DEBUG [neo4j.diagnostics]:  [classpath + loader.0] file:/C:/Users/ben/.m2/repository/org/neo4j/neo4j-jmx/1.8.1/neo4j-jmx-1.8.1.jar
2013-06-24 20:05:12,852 DEBUG [neo4j.diagnostics]:  [classpath + loader.0] file:/C:/Users/ben/.m2/repository/org/rrd4j/rrd4j/2.0.7/rrd4j-2.0.7.jar
2013-06-24 20:05:12,852 DEBUG [neo4j.diagnostics]:  [classpath + loader.0] file:/C:/Users/ben/.m2/repository/org/springframework/spring-context/3.2.2.RELEASE/spring-context-3.2.2.RELEASE.jar
2013-06-24 20:05:12,852 DEBUG [neo4j.diagnostics]:  [loader.1] file:/C:/Program%20Files/Java/jdk1.7.0_21/jre/lib/ext/localedata.jar
2013-06-24 20:05:12,852 DEBUG [neo4j.diagnostics]:  [classpath + loader.0] file:/C:/Users/ben/Documents/GitHub/bodega/target/classes/
2013-06-24 20:05:12,852 DEBUG [neo4j.diagnostics]:  [classpath + loader.0] file:/C:/Users/ben/.m2/repository/com/sun/jersey/contribs/jersey-multipart/1.9/jersey-multipart-1.9.jar
2013-06-24 20:05:12,852 DEBUG [neo4j.diagnostics]:  [classpath + loader.0] file:/C:/Users/ben/.m2/repository/org/codehaus/jackson/jackson-mapper-asl/1.9.7/jackson-mapper-asl-1.9.7.jar
2013-06-24 20:05:12,852 DEBUG [neo4j.diagnostics]:  [loader.1] file:/C:/Program%20Files/Java/jdk1.7.0_21/jre/lib/ext/jaccess.jar
2013-06-24 20:05:12,852 DEBUG [neo4j.diagnostics]:  [classpath + loader.0] file:/C:/Users/ben/.m2/repository/org/springframework/spring-test/3.2.2.RELEASE/spring-test-3.2.2.RELEASE.jar
2013-06-24 20:05:12,852 DEBUG [neo4j.diagnostics]:  [classpath + loader.0] file:/C:/Users/ben/.m2/repository/aopalliance/aopalliance/1.0/aopalliance-1.0.jar
2013-06-24 20:05:12,852 DEBUG [neo4j.diagnostics]:  [classpath + loader.0] file:/C:/Users/ben/.m2/repository/janino/janino/2.5.10/janino-2.5.10.jar
2013-06-24 20:05:12,852 DEBUG [neo4j.diagnostics]:  [classpath + loader.0] file:/C:/Users/ben/.m2/repository/commons-lang/commons-lang/2.4/commons-lang-2.4.jar
2013-06-24 20:05:12,852 DEBUG [neo4j.diagnostics]:  [classpath + loader.0] file:/C:/Users/ben/.m2/repository/org/neo4j/neo4j-graph-algo/1.8.1/neo4j-graph-algo-1.8.1.jar
2013-06-24 20:05:12,852 DEBUG [neo4j.diagnostics]:  [bootstrap] C:\Program Files\Java\jdk1.7.0_21\jre\classes
2013-06-24 20:05:12,852 DEBUG [neo4j.diagnostics]:  [classpath + loader.0] file:/C:/Users/ben/.m2/repository/org/springframework/data/spring-data-neo4j/2.2.0.RELEASE/spring-data-neo4j-2.2.0.RELEASE.jar
2013-06-24 20:05:12,852 DEBUG [neo4j.diagnostics]:  [bootstrap] C:\Program Files\Java\jdk1.7.0_21\jre\lib\jfr.jar
2013-06-24 20:05:12,852 DEBUG [neo4j.diagnostics]:  [classpath + loader.0] file:/C:/Users/ben/.m2/repository/org/neo4j/neo4j-kernel/1.8.1/neo4j-kernel-1.8.1.jar
2013-06-24 20:05:12,852 DEBUG [neo4j.diagnostics]:  [bootstrap] C:\Program Files\Java\jdk1.7.0_21\jre\lib\jsse.jar
2013-06-24 20:05:12,852 DEBUG [neo4j.diagnostics]:  [classpath + loader.0] file:/C:/Users/ben/.m2/repository/org/mozilla/rhino/1.7R3/rhino-1.7R3.jar
2013-06-24 20:05:12,852 DEBUG [neo4j.diagnostics]:  [classpath + loader.0] file:/C:/Users/ben/.m2/repository/commons-beanutils/commons-beanutils-core/1.8.0/commons-beanutils-core-1.8.0.jar
2013-06-24 20:05:12,852 DEBUG [neo4j.diagnostics]:  [classpath + loader.0] file:/C:/Users/ben/.m2/repository/org/apache/servicemix/bundles/org.apache.servicemix.bundles.jline/0.9.94_1/org.apache.servicemix.bundles.jline-0.9.94_1.jar
2013-06-24 20:05:12,852 DEBUG [neo4j.diagnostics]:  [loader.1] file:/C:/Program%20Files/Java/jdk1.7.0_21/jre/lib/ext/dnsns.jar
2013-06-24 20:05:12,852 DEBUG [neo4j.diagnostics]:  [classpath + loader.0] file:/C:/Users/ben/.m2/repository/org/neo4j/neo4j-cypher-dsl/1.9.M04/neo4j-cypher-dsl-1.9.M04.jar
2013-06-24 20:05:12,852 DEBUG [neo4j.diagnostics]:  [classpath + loader.0] file:/C:/Users/ben/.m2/repository/org/springframework/spring-expression/3.2.2.RELEASE/spring-expression-3.2.2.RELEASE.jar
2013-06-24 20:05:12,852 DEBUG [neo4j.diagnostics]:  [bootstrap] C:\Program Files\Java\jdk1.7.0_21\jre\lib\charsets.jar
2013-06-24 20:05:12,852 DEBUG [neo4j.diagnostics]:  [classpath + loader.0] file:/C:/Users/ben/.m2/repository/org/apache/geronimo/specs/geronimo-jta_1.1_spec/1.1.1/geronimo-jta_1.1_spec-1.1.1.jar
2013-06-24 20:05:12,852 DEBUG [neo4j.diagnostics]:  [classpath + loader.0] file:/C:/Users/ben/.m2/repository/org/neo4j/neo4j-graph-matching/1.8.1/neo4j-graph-matching-1.8.1.jar
2013-06-24 20:05:12,853 DEBUG [neo4j.diagnostics]:  [bootstrap] C:\Program Files\Java\jdk1.7.0_21\jre\lib\jce.jar
2013-06-24 20:05:12,853 DEBUG [neo4j.diagnostics]:  [classpath + loader.0] file:/C:/Users/ben/.m2/repository/com/sun/jersey/jersey-core/1.9/jersey-core-1.9.jar
2013-06-24 20:05:12,853 DEBUG [neo4j.diagnostics]:  [classpath + loader.0] file:/C:/Users/ben/.m2/repository/com/googlecode/concurrentlinkedhashmap/concurrentlinkedhashmap-lru/1.3.1/concurrentlinkedhashmap-lru-1.3.1.jar
2013-06-24 20:05:12,853 DEBUG [neo4j.diagnostics]:  [classpath + loader.0] file:/C:/Users/ben/.m2/repository/bouncycastle/bcprov-jdk16/140/bcprov-jdk16-140.jar
2013-06-24 20:05:12,853 DEBUG [neo4j.diagnostics]:  [classpath + loader.0] file:/C:/Users/ben/.m2/repository/org/neo4j/neo4j/1.8.1/neo4j-1.8.1.jar
2013-06-24 20:05:12,853 DEBUG [neo4j.diagnostics]: Library path:
2013-06-24 20:05:12,853 DEBUG [neo4j.diagnostics]: C:\Program Files\Java\jdk1.7.0_21\bin
2013-06-24 20:05:12,853 DEBUG [neo4j.diagnostics]: C:\Windows\Sun\Java\bin
2013-06-24 20:05:12,853 DEBUG [neo4j.diagnostics]: C:\Windows\System32
2013-06-24 20:05:12,853 DEBUG [neo4j.diagnostics]: C:\Windows
2013-06-24 20:05:12,853 DEBUG [neo4j.diagnostics]: C:\Windows\System32
2013-06-24 20:05:12,853 DEBUG [neo4j.diagnostics]: C:\Windows
2013-06-24 20:05:12,853 DEBUG [neo4j.diagnostics]: C:\Windows\System32\wbem
2013-06-24 20:05:12,854 DEBUG [neo4j.diagnostics]: C:\Windows\System32\WindowsPowerShell\v1.0
2013-06-24 20:05:12,854 DEBUG [neo4j.diagnostics]: C:\Program Files (x86)\ATI Technologies\ATI.ACE\Core-Static
2013-06-24 20:05:12,854 DEBUG [neo4j.diagnostics]: C:\Program Files (x86)\Intel\OpenCL SDK\2.0\bin\x86
2013-06-24 20:05:12,854 DEBUG [neo4j.diagnostics]: C:\Program Files (x86)\Intel\OpenCL SDK\2.0\bin\x64
2013-06-24 20:05:12,854 DEBUG [neo4j.diagnostics]: C:\svn\bin
2013-06-24 20:05:12,854 DEBUG [neo4j.diagnostics]: C:\Program Files\TortoiseHg
2013-06-24 20:05:12,854 DEBUG [neo4j.diagnostics]: C:\Program Files\Mercurial
2013-06-24 20:05:12,855 DEBUG [neo4j.diagnostics]: C:\Users\ben\Documents\GitHub\bodega
2013-06-24 20:05:12,855 DEBUG [neo4j.diagnostics]: System.properties:
2013-06-24 20:05:12,855 DEBUG [neo4j.diagnostics]: sun.boot.library.path = C:\Program Files\Java\jdk1.7.0_21\jre\bin
2013-06-24 20:05:12,855 DEBUG [neo4j.diagnostics]: path.separator = ;
2013-06-24 20:05:12,855 DEBUG [neo4j.diagnostics]: file.encoding.pkg = sun.io
2013-06-24 20:05:12,855 DEBUG [neo4j.diagnostics]: user.country = DE
2013-06-24 20:05:12,855 DEBUG [neo4j.diagnostics]: user.script = 
2013-06-24 20:05:12,855 DEBUG [neo4j.diagnostics]: sun.java.launcher = SUN_STANDARD
2013-06-24 20:05:12,855 DEBUG [neo4j.diagnostics]: sun.os.patch.level = 
2013-06-24 20:05:12,855 DEBUG [neo4j.diagnostics]: user.dir = C:\Users\ben\Documents\GitHub\bodega
2013-06-24 20:05:12,855 DEBUG [neo4j.diagnostics]: user.variant = 
2013-06-24 20:05:12,855 DEBUG [neo4j.diagnostics]: sun.jnu.encoding = Cp1252
2013-06-24 20:05:12,855 DEBUG [neo4j.diagnostics]: sun.management.compiler = HotSpot 64-Bit Tiered Compilers
2013-06-24 20:05:12,855 DEBUG [neo4j.diagnostics]: user.home = C:\Users\ben
2013-06-24 20:05:12,855 DEBUG [neo4j.diagnostics]: user.timezone = Europe/Berlin
2013-06-24 20:05:12,855 DEBUG [neo4j.diagnostics]: file.encoding = Cp1252
2013-06-24 20:05:12,855 DEBUG [neo4j.diagnostics]: user.name = ben
2013-06-24 20:05:12,855 DEBUG [neo4j.diagnostics]: sun.java.command = org.eclipse.jdt.internal.junit.runner.RemoteTestRunner -version 3 -port 51707 -testLoaderClass org.eclipse.jdt.internal.junit4.runner.JUnit4TestLoader -loaderpluginname org.eclipse.jdt.junit4.runtime -classNames start.GalaxyServiceTests
2013-06-24 20:05:12,855 DEBUG [neo4j.diagnostics]: sun.arch.data.model = 64
2013-06-24 20:05:12,855 DEBUG [neo4j.diagnostics]: user.language = de
2013-06-24 20:05:12,855 DEBUG [neo4j.diagnostics]: awt.toolkit = sun.awt.windows.WToolkit
2013-06-24 20:05:12,855 DEBUG [neo4j.diagnostics]: file.separator = \
2013-06-24 20:05:12,855 DEBUG [neo4j.diagnostics]: sun.io.unicode.encoding = UnicodeLittle
2013-06-24 20:05:12,855 DEBUG [neo4j.diagnostics]: sun.cpu.endian = little
2013-06-24 20:05:12,856 DEBUG [neo4j.diagnostics]: sun.desktop = windows
2013-06-24 20:05:12,856 DEBUG [neo4j.diagnostics]: sun.cpu.isalist = amd64
2013-06-24 20:05:12,856 DEBUG [neo4j.diagnostics]: Network information:
2013-06-24 20:05:12,972 DEBUG [neo4j.diagnostics]: Interface Software Loopback Interface 1:
2013-06-24 20:05:12,972 DEBUG [neo4j.diagnostics]:     address: 127.0.0.1
2013-06-24 20:05:12,972 DEBUG [neo4j.diagnostics]:     address: 0:0:0:0:0:0:0:1
2013-06-24 20:05:12,972 DEBUG [neo4j.diagnostics]: Interface WAN-Miniport (L2TP):
2013-06-24 20:05:12,972 DEBUG [neo4j.diagnostics]: Interface WAN-Miniport (SSTP):
2013-06-24 20:05:12,972 DEBUG [neo4j.diagnostics]: Interface WAN-Miniport (IKEv2):
2013-06-24 20:05:12,972 DEBUG [neo4j.diagnostics]: Interface WAN-Miniport (PPTP):
2013-06-24 20:05:12,973 DEBUG [neo4j.diagnostics]: Interface WAN-Miniport (PPPOE):
2013-06-24 20:05:12,973 DEBUG [neo4j.diagnostics]: Interface WAN-Miniport (IP):
2013-06-24 20:05:12,973 DEBUG [neo4j.diagnostics]: Interface WAN-Miniport (IPv6):
2013-06-24 20:05:12,973 DEBUG [neo4j.diagnostics]: Interface WAN-Miniport (Netzwerkmonitor):
2013-06-24 20:05:12,973 DEBUG [neo4j.diagnostics]: Interface Microsoft Kerneldebugger-Netzwerkadapter:
2013-06-24 20:05:12,973 DEBUG [neo4j.diagnostics]: Interface Asynchroner RAS-Adapter:
2013-06-24 20:05:12,973 DEBUG [neo4j.diagnostics]: Interface Realtek PCIe GBE Family Controller:
2013-06-24 20:05:12,973 DEBUG [neo4j.diagnostics]:     address: 192.168.178.64
2013-06-24 20:05:12,973 DEBUG [neo4j.diagnostics]:     address: fe80:0:0:0:f1e3:1f4c:297d:c4ac%12
2013-06-24 20:05:12,973 DEBUG [neo4j.diagnostics]: Interface Microsoft-ISATAP-Adapter:
2013-06-24 20:05:12,973 DEBUG [neo4j.diagnostics]:     address: fe80:0:0:0:0:5efe:c0a8:b240%13
2013-06-24 20:05:12,973 DEBUG [neo4j.diagnostics]: Interface Teredo Tunneling Pseudo-Interface:
2013-06-24 20:05:12,973 DEBUG [neo4j.diagnostics]:     address: fe80:0:0:0:0:ffff:ffff:fffe%14
2013-06-24 20:05:12,973 DEBUG [neo4j.diagnostics]: Interface Realtek PCIe GBE Family Controller - VirtualBox Bridged Networking Driver Miniport:
2013-06-24 20:05:12,973 DEBUG [neo4j.diagnostics]: Interface VirtualBox Host-Only Ethernet Adapter:
2013-06-24 20:05:12,973 DEBUG [neo4j.diagnostics]:     address: 192.168.56.1
2013-06-24 20:05:12,973 DEBUG [neo4j.diagnostics]:     address: fe80:0:0:0:bda4:37a9:20b7:7ee1%16
2013-06-24 20:05:12,974 DEBUG [neo4j.diagnostics]: Interface Microsoft-ISATAP-Adapter #2:
2013-06-24 20:05:12,974 DEBUG [neo4j.diagnostics]: Interface Microsoft Kerneldebugger-Netzwerkadapter - Deterministic Network Enhancer Miniport:
2013-06-24 20:05:12,974 DEBUG [neo4j.diagnostics]: Interface WAN-Miniport (IP) - Deterministic Network Enhancer Miniport:
2013-06-24 20:05:12,974 DEBUG [neo4j.diagnostics]: Interface WAN-Miniport (Netzwerkmonitor) - Deterministic Network Enhancer Miniport:
2013-06-24 20:05:12,974 DEBUG [neo4j.diagnostics]: Interface VirtualBox Host-Only Ethernet Adapter - Deterministic Network Enhancer Miniport:
2013-06-24 20:05:12,974 DEBUG [neo4j.diagnostics]: Interface Realtek PCIe GBE Family Controller - Deterministic Network Enhancer Miniport:
2013-06-24 20:05:12,974 DEBUG [neo4j.diagnostics]: Interface Cisco Systems VPN Adapter for 64-bit Windows:
2013-06-24 20:05:12,974 DEBUG [neo4j.diagnostics]: Interface Cisco Systems VPN Adapter for 64-bit Windows - VirtualBox Bridged Networking Driver Miniport:
2013-06-24 20:05:12,974 DEBUG [neo4j.diagnostics]: Interface Cisco Systems VPN Adapter for 64-bit Windows - Deterministic Network Enhancer Miniport:
2013-06-24 20:05:12,974 DEBUG [neo4j.diagnostics]: Interface Microsoft-ISATAP-Adapter #3:
2013-06-24 20:05:12,974 DEBUG [neo4j.diagnostics]: Interface Microsoft-6zu4-Adapter:
2013-06-24 20:05:12,974 DEBUG [neo4j.diagnostics]: Interface VirtualBox Host-Only Ethernet Adapter-WFP Native MAC Layer LightWeight Filter-0000:
2013-06-24 20:05:12,974 DEBUG [neo4j.diagnostics]: Interface WAN-Miniport (IPv6)-QoS Packet Scheduler-0000:
2013-06-24 20:05:12,974 DEBUG [neo4j.diagnostics]: Interface Realtek PCIe GBE Family Controller - Deterministic Network Enhancer Miniport-QoS Packet Scheduler-0000:
2013-06-24 20:05:12,974 DEBUG [neo4j.diagnostics]: Interface Realtek PCIe GBE Family Controller - Deterministic Network Enhancer Miniport-WFP 802.3 MAC Layer LightWeight Filter-0000:
2013-06-24 20:05:12,974 DEBUG [neo4j.diagnostics]: Interface WAN-Miniport (Netzwerkmonitor) - Deterministic Network Enhancer Miniport-QoS Packet Scheduler-0000:
2013-06-24 20:05:12,974 DEBUG [neo4j.diagnostics]: Interface Realtek PCIe GBE Family Controller-WFP Native MAC Layer LightWeight Filter-0000:
2013-06-24 20:05:12,974 DEBUG [neo4j.diagnostics]: Interface VirtualBox Host-Only Ethernet Adapter - Deterministic Network Enhancer Miniport-QoS Packet Scheduler-0000:
2013-06-24 20:05:12,975 DEBUG [neo4j.diagnostics]: Interface VirtualBox Host-Only Ethernet Adapter - Deterministic Network Enhancer Miniport-WFP 802.3 MAC Layer LightWeight Filter-0000:
2013-06-24 20:05:12,975 DEBUG [neo4j.diagnostics]: Interface WAN-Miniport (IP) - Deterministic Network Enhancer Miniport-QoS Packet Scheduler-0000:
2013-06-24 20:05:12,975 DEBUG [neo4j.diagnostics]: --- STARTUP diagnostics END ---
2013-06-24 20:05:12,977 DEBUG [neo4j.txmanager]: Recovery completed, all transactions have been resolved to a consistent state.
2013-06-24 20:05:13,030 DEBUG [neo4j.extension]: Extension org.neo4j.kernel.KernelExtension[kernel jmx] loaded ok
2013-06-24 20:05:13,032 DEBUG [neo4j.extension]: Extension org.neo4j.kernel.KernelExtension[kernel udc] loaded ok
2013-06-24 20:05:13,034 DEBUG [neo4j.diagnostics]: --- STARTUP diagnostics for KernelDiagnostics:Versions START ---
2013-06-24 20:05:13,034 DEBUG [neo4j.diagnostics]: Graph Database: org.neo4j.kernel.EmbeddedGraphDatabase StoreId[time:1372097108744, id:-6875807487039955215, store version: 13561656364791302]
2013-06-24 20:05:13,034 DEBUG [neo4j.diagnostics]: Kernel version: Neo4j - Graph Database Kernel 1.8.1
2013-06-24 20:05:13,034 DEBUG [neo4j.diagnostics]: Neo4j component versions:
2013-06-24 20:05:13,035 DEBUG [neo4j.diagnostics]:   Neo4j - Graph Database Kernel 1.8.1
2013-06-24 20:05:13,035 DEBUG [neo4j.diagnostics]: --- STARTUP diagnostics for KernelDiagnostics:Versions END ---
2013-06-24 20:05:13,037 DEBUG [neo4j.diagnostics]: --- STARTUP diagnostics for NEO_STORE_VERSIONS START ---
2013-06-24 20:05:13,037 DEBUG [neo4j.diagnostics]: Store versions:
2013-06-24 20:05:13,037 DEBUG [neo4j.diagnostics]: Store versions:
2013-06-24 20:05:13,037 DEBUG [neo4j.diagnostics]:   NeoStore v0.A.0
2013-06-24 20:05:13,037 DEBUG [neo4j.diagnostics]:   NodeStore v0.A.0
2013-06-24 20:05:13,037 DEBUG [neo4j.diagnostics]:   RelationshipStore v0.A.0
2013-06-24 20:05:13,037 DEBUG [neo4j.diagnostics]:   RelationshipTypeStore v0.A.0
2013-06-24 20:05:13,037 DEBUG [neo4j.diagnostics]:   PropertyStore v0.A.0
2013-06-24 20:05:13,037 DEBUG [neo4j.diagnostics]:   PropertyIndexStore v0.A.0
2013-06-24 20:05:13,037 DEBUG [neo4j.diagnostics]:   StringPropertyStore v0.A.0
2013-06-24 20:05:13,037 DEBUG [neo4j.diagnostics]:   ArrayPropertyStore v0.A.0
2013-06-24 20:05:13,037 DEBUG [neo4j.diagnostics]: --- STARTUP diagnostics for NEO_STORE_VERSIONS END ---
2013-06-24 20:05:13,037 DEBUG [neo4j.diagnostics]: --- STARTUP diagnostics for NEO_STORE_ID_USAGE START ---
2013-06-24 20:05:13,037 DEBUG [neo4j.diagnostics]: Id usage:
2013-06-24 20:05:13,037 DEBUG [neo4j.diagnostics]: Id usage:
2013-06-24 20:05:13,038 DEBUG [neo4j.diagnostics]:   NodeStore: used=1 high=0
2013-06-24 20:05:13,038 DEBUG [neo4j.diagnostics]:   RelationshipStore: used=0 high=-1
2013-06-24 20:05:13,038 DEBUG [neo4j.diagnostics]:   RelationshipTypeStore: used=0 high=-1
2013-06-24 20:05:13,038 DEBUG [neo4j.diagnostics]:   PropertyStore: used=0 high=-1
2013-06-24 20:05:13,038 DEBUG [neo4j.diagnostics]:   PropertyIndexStore: used=0 high=-1
2013-06-24 20:05:13,038 DEBUG [neo4j.diagnostics]:   StringPropertyStore: used=1 high=0
2013-06-24 20:05:13,038 DEBUG [neo4j.diagnostics]:   ArrayPropertyStore: used=1 high=0
2013-06-24 20:05:13,038 DEBUG [neo4j.diagnostics]: --- STARTUP diagnostics for NEO_STORE_ID_USAGE END ---
2013-06-24 20:05:13,038 DEBUG [neo4j.diagnostics]: --- STARTUP diagnostics for PERSISTENCE_WINDOW_POOL_STATS START ---
2013-06-24 20:05:13,038 DEBUG [neo4j.diagnostics]: --- STARTUP diagnostics for PERSISTENCE_WINDOW_POOL_STATS END ---
2013-06-24 20:05:13,039 DEBUG [neo4j.diagnostics]: --- STARTUP diagnostics for KernelDiagnostics:StoreFiles START ---
2013-06-24 20:05:13,040 DEBUG [neo4j.diagnostics]: Disk space on partition (Total / Free / Free %): 999835037696 / 897036062720 / 10
Storage files: (filename : modification date - size)
2013-06-24 20:05:13,040 DEBUG [neo4j.diagnostics]:   active_tx_log: 2013-06-24T20:05:12+0200 - 11,00 B
2013-06-24 20:05:13,040 DEBUG [neo4j.diagnostics]:   index:
2013-06-24 20:05:13,041 DEBUG [neo4j.diagnostics]:     lucene-store.db: 2013-06-24T20:05:12+0200 - 40,00 B
2013-06-24 20:05:13,041 DEBUG [neo4j.diagnostics]:     lucene.log.1: 2013-06-24T20:05:12+0200 - 16,00 B
2013-06-24 20:05:13,041 DEBUG [neo4j.diagnostics]:     lucene.log.active: 2013-06-24T20:05:12+0200 - 4,00 B
2013-06-24 20:05:13,041 DEBUG [neo4j.diagnostics]:   - Total: 2013-06-24T20:05:12+0200 - 60,00 B
2013-06-24 20:05:13,042 DEBUG [neo4j.diagnostics]:   lock: 2013-06-24T20:05:12+0200 - 0,00 B
2013-06-24 20:05:13,042 DEBUG [neo4j.diagnostics]:   messages.log: 2013-06-24T20:05:12+0200 - 33,54 kB
2013-06-24 20:05:13,042 DEBUG [neo4j.diagnostics]:   neostore: 2013-06-24T20:05:12+0200 - 54,00 B
2013-06-24 20:05:13,042 DEBUG [neo4j.diagnostics]:   neostore.id: 2013-06-24T20:05:12+0200 - 9,00 B
2013-06-24 20:05:13,042 DEBUG [neo4j.diagnostics]:   neostore.nodestore.db: 2013-06-24T20:05:12+0200 - 9,00 B
2013-06-24 20:05:13,043 DEBUG [neo4j.diagnostics]:   neostore.nodestore.db.id: 2013-06-24T20:05:12+0200 - 9,00 B
2013-06-24 20:05:13,043 DEBUG [neo4j.diagnostics]:   neostore.propertystore.db: 2013-06-24T20:05:12+0200 - 0,00 B
2013-06-24 20:05:13,043 DEBUG [neo4j.diagnostics]:   neostore.propertystore.db.arrays: 2013-06-24T20:05:12+0200 - 128,00 B
2013-06-24 20:05:13,043 DEBUG [neo4j.diagnostics]:   neostore.propertystore.db.arrays.id: 2013-06-24T20:05:11+0200 - 9,00 B
2013-06-24 20:05:13,043 DEBUG [neo4j.diagnostics]:   neostore.propertystore.db.id: 2013-06-24T20:05:11+0200 - 9,00 B
2013-06-24 20:05:13,044 DEBUG [neo4j.diagnostics]:   neostore.propertystore.db.index: 2013-06-24T20:05:12+0200 - 0,00 B
2013-06-24 20:05:13,044 DEBUG [neo4j.diagnostics]:   neostore.propertystore.db.index.id: 2013-06-24T20:05:11+0200 - 9,00 B
2013-06-24 20:05:13,044 DEBUG [neo4j.diagnostics]:   neostore.propertystore.db.index.keys: 2013-06-24T20:05:12+0200 - 38,00 B
2013-06-24 20:05:13,044 DEBUG [neo4j.diagnostics]:   neostore.propertystore.db.index.keys.id: 2013-06-24T20:05:11+0200 - 9,00 B
2013-06-24 20:05:13,045 DEBUG [neo4j.diagnostics]:   neostore.propertystore.db.strings: 2013-06-24T20:05:12+0200 - 128,00 B
2013-06-24 20:05:13,045 DEBUG [neo4j.diagnostics]:   neostore.propertystore.db.strings.id: 2013-06-24T20:05:11+0200 - 9,00 B
2013-06-24 20:05:13,045 DEBUG [neo4j.diagnostics]:   neostore.relationshipstore.db: 2013-06-24T20:05:12+0200 - 0,00 B
2013-06-24 20:05:13,045 DEBUG [neo4j.diagnostics]:   neostore.relationshipstore.db.id: 2013-06-24T20:05:11+0200 - 9,00 B
2013-06-24 20:05:13,045 DEBUG [neo4j.diagnostics]:   neostore.relationshiptypestore.db: 2013-06-24T20:05:12+0200 - 0,00 B
2013-06-24 20:05:13,046 DEBUG [neo4j.diagnostics]:   neostore.relationshiptypestore.db.id: 2013-06-24T20:05:11+0200 - 9,00 B
2013-06-24 20:05:13,046 DEBUG [neo4j.diagnostics]:   neostore.relationshiptypestore.db.names: 2013-06-24T20:05:12+0200 - 38,00 B
2013-06-24 20:05:13,046 DEBUG [neo4j.diagnostics]:   neostore.relationshiptypestore.db.names.id: 2013-06-24T20:05:11+0200 - 9,00 B
2013-06-24 20:05:13,046 DEBUG [neo4j.diagnostics]:   nioneo_logical.log.1: 2013-06-24T20:05:12+0200 - 16,00 B
2013-06-24 20:05:13,047 DEBUG [neo4j.diagnostics]:   nioneo_logical.log.active: 2013-06-24T20:05:12+0200 - 4,00 B
2013-06-24 20:05:13,047 DEBUG [neo4j.diagnostics]:   tm_tx_log.1: 2013-06-24T20:05:12+0200 - 0,00 B
2013-06-24 20:05:13,047 DEBUG [neo4j.diagnostics]: --- STARTUP diagnostics for KernelDiagnostics:StoreFiles END ---
2013-06-24 20:05:13,048 DEBUG [neo4j]: Started - database is now available
2013-06-24 20:05:13,048 DEBUG [neo4j]: GC Monitor started. 
2013-06-24 20:05:13,072 DEBUG [neo4j]: Stopping - database is now unavailable
2013-06-24 20:05:13,090 DEBUG [neo4j.txmanager]: TM shutting down
2013-06-24 20:05:13,148 DEBUG [neo4j]: GC Monitor stopped. 
2013-06-24 20:05:13,175 DEBUG [neo4j.xafactory]: Closed log C:\Users\ben\Documents\GitHub\bodega\target\graph.db\index\lucene.log
2013-06-24 20:05:13,408 DEBUG [neo4j.xafactory]: Closed log C:\Users\ben\Documents\GitHub\bodega\target\graph.db\nioneo_logical.log
2013-06-24 20:05:13,490 DEBUG [neo4j.neostore]: C:\Users\ben\Documents\GitHub\bodega\target\graph.db\neostore.relationshiptypestore.db.names hit=0 miss=0 switches=0 ooe=0
2013-06-24 20:05:13,623 DEBUG [neo4j.neostore]: C:\Users\ben\Documents\GitHub\bodega\target\graph.db\neostore.relationshiptypestore.db hit=0 miss=0 switches=0 ooe=0
2013-06-24 20:05:13,756 DEBUG [neo4j.neostore]: C:\Users\ben\Documents\GitHub\bodega\target\graph.db\neostore.propertystore.db.strings hit=0 miss=0 switches=0 ooe=0
2013-06-24 20:05:13,912 DEBUG [neo4j.neostore]: C:\Users\ben\Documents\GitHub\bodega\target\graph.db\neostore.propertystore.db.index.keys hit=0 miss=0 switches=0 ooe=0
2013-06-24 20:05:14,089 DEBUG [neo4j.neostore]: C:\Users\ben\Documents\GitHub\bodega\target\graph.db\neostore.propertystore.db.index hit=0 miss=0 switches=0 ooe=0
2013-06-24 20:05:14,234 DEBUG [neo4j.neostore]: C:\Users\ben\Documents\GitHub\bodega\target\graph.db\neostore.propertystore.db.arrays hit=0 miss=0 switches=0 ooe=0
2013-06-24 20:05:14,366 DEBUG [neo4j.neostore]: C:\Users\ben\Documents\GitHub\bodega\target\graph.db\neostore.propertystore.db hit=0 miss=0 switches=0 ooe=0
2013-06-24 20:05:14,500 DEBUG [neo4j.neostore]: C:\Users\ben\Documents\GitHub\bodega\target\graph.db\neostore.relationshipstore.db hit=0 miss=0 switches=0 ooe=0
2013-06-24 20:05:14,634 DEBUG [neo4j.neostore]: C:\Users\ben\Documents\GitHub\bodega\target\graph.db\neostore.nodestore.db hit=0 miss=0 switches=0 ooe=0
2013-06-24 20:05:14,779 DEBUG [neo4j.neostore]: C:\Users\ben\Documents\GitHub\bodega\target\graph.db\neostore hit=0 miss=16 switches=0 ooe=0
2013-06-24 20:05:14,902 DEBUG [neo4j.datasource]: NeoStore closed
2013-06-24 20:05:14,902 DEBUG [neo4j.diagnostics]: --- SHUTDOWN diagnostics START ---
2013-06-24 20:05:14,902 DEBUG [neo4j.diagnostics]: --- SHUTDOWN diagnostics END ---
